<?xml version="1.0" encoding="UTF-8"?>
<!-- Generated by org.testng.reporters.JUnitReportReporter -->
<testsuite hostname="hal-51" name="com.bleulace.domain.resource.HelloNG" tests="1" failures="0" timestamp="9 Aug 2013 19:56:52 GMT" time="1.016" errors="0">
  <testcase name="createAccount" time="1.016" classname="com.bleulace.domain.resource.HelloNG"/>
</testsuite> <!-- com.bleulace.domain.resource.HelloNG -->
