<?xml version="1.0" encoding="UTF-8"?>
<!-- Generated by org.testng.reporters.JUnitReportReporter -->
<testsuite hostname="hal-51" name="com.bleulace.domain.crm.command.CreateGroupCommandTest" tests="3" failures="0" timestamp="10 Aug 2013 01:02:28 GMT" time="0.315" errors="0">
  <testcase name="isGroupCreatorAddedToGroup" time="0.043" classname="com.bleulace.domain.crm.command.CreateGroupCommandTest"/>
  <testcase name="isGroupCreated" time="0.248" classname="com.bleulace.domain.crm.command.CreateGroupCommandTest"/>
  <testcase name="isUserAuthenticated" time="0.024" classname="com.bleulace.domain.crm.command.CreateGroupCommandTest"/>
</testsuite> <!-- com.bleulace.domain.crm.command.CreateGroupCommandTest -->
