<?xml version="1.0" encoding="UTF-8"?>
<!-- Generated by org.testng.reporters.JUnitReportReporter -->
<testsuite hostname="hal-51" name="com.bleulace.domain.crm.command.GroupCommandTest" tests="5" failures="0" timestamp="10 Aug 2013 09:29:41 GMT" time="0.107" errors="0">
  <testcase name="accountCanLeaveGroup" time="0.020" classname="com.bleulace.domain.crm.command.GroupCommandTest"/>
  <testcase name="isUserAuthenticated" time="0.001" classname="com.bleulace.domain.crm.command.GroupCommandTest"/>
  <testcase name="accountCanJoinGroup" time="0.076" classname="com.bleulace.domain.crm.command.GroupCommandTest"/>
  <testcase name="isGroupCreatorAddedToGroup" time="0.004" classname="com.bleulace.domain.crm.command.GroupCommandTest"/>
  <testcase name="isGroupCreated" time="0.006" classname="com.bleulace.domain.crm.command.GroupCommandTest"/>
</testsuite> <!-- com.bleulace.domain.crm.command.GroupCommandTest -->
