<?xml version="1.0" encoding="UTF-8"?>
<!-- Generated by org.testng.reporters.JUnitReportReporter -->
<testsuite hostname="hal-51" name="com.bleulace.domain.resource.CreateAccountCommandTest" tests="1" failures="0" timestamp="9 Aug 2013 20:22:53 GMT" time="0.521" errors="0">
  <testcase name="createAccount" time="0.521" classname="com.bleulace.domain.resource.CreateAccountCommandTest"/>
</testsuite> <!-- com.bleulace.domain.resource.CreateAccountCommandTest -->
