<?xml version="1.0" encoding="UTF-8"?>
<!-- Generated by org.testng.reporters.JUnitReportReporter -->
<testsuite hostname="hal-51" name="com.bleulace.domain.management.domain.TaskCommandTest" tests="2" failures="0" timestamp="10 Aug 2013 09:29:41 GMT" time="0.700" errors="0">
  <testcase name="isUserAuthenticated" time="0.047" classname="com.bleulace.domain.management.domain.TaskCommandTest"/>
  <testcase name="assignManager" time="0.653" classname="com.bleulace.domain.management.domain.TaskCommandTest"/>
</testsuite> <!-- com.bleulace.domain.management.domain.TaskCommandTest -->
