<?xml version="1.0" encoding="UTF-8"?>
<!-- Generated by org.testng.reporters.JUnitReportReporter -->
<testsuite hostname="hal-51" name="com.bleulace.domain.crm.command.FriendCommandTest" tests="2" failures="0" timestamp="10 Aug 2013 02:50:28 GMT" time="0.192" errors="0">
  <testcase name="isUserAuthenticated" time="0.001" classname="com.bleulace.domain.crm.command.FriendCommandTest"/>
  <testcase name="addFriend" time="0.191" classname="com.bleulace.domain.crm.command.FriendCommandTest"/>
</testsuite> <!-- com.bleulace.domain.crm.command.FriendCommandTest -->
