<?xml version="1.0" encoding="UTF-8"?>
<!-- Generated by org.testng.reporters.JUnitReportReporter -->
<testsuite hostname="hal-51" name="com.bleulace.domain.crm.command.CommentCommandTest" tests="2" failures="0" timestamp="10 Aug 2013 09:29:41 GMT" time="0.030" errors="0">
  <testcase name="addComment" time="0.030" classname="com.bleulace.domain.crm.command.CommentCommandTest"/>
  <testcase name="isUserAuthenticated" time="0.000" classname="com.bleulace.domain.crm.command.CommentCommandTest"/>
</testsuite> <!-- com.bleulace.domain.crm.command.CommentCommandTest -->
