<?xml version="1.0" encoding="UTF-8"?>
<!-- Generated by org.testng.reporters.JUnitReportReporter -->
<testsuite hostname="hal-51" name="com.bleulace.domain.crm.command.GroupCommandTest" tests="3" failures="0" timestamp="10 Aug 2013 02:50:28 GMT" time="0.325" errors="0">
  <testcase name="isUserAuthenticated" time="0.027" classname="com.bleulace.domain.crm.command.GroupCommandTest"/>
  <testcase name="isGroupCreated" time="0.249" classname="com.bleulace.domain.crm.command.GroupCommandTest"/>
  <testcase name="isGroupCreatorAddedToGroup" time="0.049" classname="com.bleulace.domain.crm.command.GroupCommandTest"/>
</testsuite> <!-- com.bleulace.domain.crm.command.GroupCommandTest -->
