<?xml version="1.0" encoding="UTF-8"?>
<!-- Generated by org.testng.reporters.JUnitReportReporter -->
<testsuite hostname="hal-51" name="com.bleulace.domain.resource.AuthenticationTest" tests="1" failures="0" timestamp="9 Aug 2013 20:22:53 GMT" time="0.001" errors="0">
  <testcase name="foo" time="0.001" classname="com.bleulace.domain.resource.AuthenticationTest"/>
</testsuite> <!-- com.bleulace.domain.resource.AuthenticationTest -->
